2020-03-09
Change
1. Update jeju
- change to use requests (not a selenium)
- change to request json data
2. Update guro_gu (Seoul)
- change guro_gu url
3. Modify Sejong
- change to use requests (not a selenium)
- change to request json data

2020-03-10
Change
1. Add table class
- now create excel file when collecting is finished
2. Add kst_time_for_file function in KST.py
- it is for table.py
3. Modify str format at Ulsan function
4. Update Seoul
- update guro_gu
- now update others automatically
5. Update dalseo_gu (Daegu)